/*C17*/SET SCHEMA PUBLIC
DISCONNECT
/*C18*/SET SCHEMA PUBLIC
drop table Contact if exists
create table Contact (ID bigint generated by default as identity (start with 1), FIRST_NAME varchar(255), LAST_NAME varchar(255), OWNER varchar(255), primary key (ID))
DISCONNECT
/*C19*/SET SCHEMA PUBLIC
INSERT INTO CONTACT VALUES(1,'Pina','Schmidt','umeier')
COMMIT
INSERT INTO CONTACT VALUES(2,'Carsten','Severin','umeier')
COMMIT
INSERT INTO CONTACT VALUES(3,'Carsten','Severin','hschmidt')
COMMIT
/*C20*/SET SCHEMA PUBLIC
DELETE FROM CONTACT WHERE ID=2
COMMIT
DISCONNECT
/*C19*/DISCONNECT
/*C21*/SET SCHEMA PUBLIC
DELETE FROM CONTACT WHERE ID=1
DELETE FROM CONTACT WHERE ID=3
COMMIT
INSERT INTO CONTACT VALUES(4,'Carsten','Severin',NULL)
COMMIT
INSERT INTO CONTACT VALUES(5,'Johan','Severin',NULL)
COMMIT
INSERT INTO CONTACT VALUES(6,'Pina','Severin',NULL)
COMMIT
INSERT INTO CONTACT VALUES(7,'Birgit','Severin',NULL)
COMMIT
DISCONNECT
/*C22*/SET SCHEMA PUBLIC
DISCONNECT
/*C23*/SET SCHEMA PUBLIC
DELETE FROM CONTACT WHERE ID=4
DELETE FROM CONTACT WHERE ID=5
DELETE FROM CONTACT WHERE ID=6
DELETE FROM CONTACT WHERE ID=7
COMMIT
INSERT INTO CONTACT VALUES(8,'Carsten','Severin',NULL)
COMMIT
INSERT INTO CONTACT VALUES(9,'Pina','Severin',NULL)
COMMIT
INSERT INTO CONTACT VALUES(10,'Johan','Severin',NULL)
COMMIT
INSERT INTO CONTACT VALUES(11,'Birgit','Severin',NULL)
COMMIT
DISCONNECT
/*C24*/SET SCHEMA PUBLIC
DISCONNECT
/*C25*/SET SCHEMA PUBLIC
DELETE FROM CONTACT WHERE ID=8
DELETE FROM CONTACT WHERE ID=9
DELETE FROM CONTACT WHERE ID=10
DELETE FROM CONTACT WHERE ID=11
COMMIT
INSERT INTO CONTACT VALUES(0,'peter','hansen',NULL)
COMMIT
INSERT INTO CONTACT VALUES(1,'horst','schneider',NULL)
COMMIT
INSERT INTO CONTACT VALUES(2,'horst','schneider',NULL)
COMMIT
INSERT INTO CONTACT VALUES(3,'peter','hansen',NULL)
COMMIT
INSERT INTO CONTACT VALUES(4,'tina','schneider',NULL)
COMMIT
INSERT INTO CONTACT VALUES(5,'horst','schroeder',NULL)
COMMIT
INSERT INTO CONTACT VALUES(6,'ronja','schroeder',NULL)
COMMIT
INSERT INTO CONTACT VALUES(7,'paula','schmidt',NULL)
COMMIT
INSERT INTO CONTACT VALUES(8,'ronja','schroeder',NULL)
COMMIT
INSERT INTO CONTACT VALUES(9,'paula','schmidt',NULL)
COMMIT
INSERT INTO CONTACT VALUES(10,'tina','schneider',NULL)
COMMIT
INSERT INTO CONTACT VALUES(11,'ronja','schroeder',NULL)
COMMIT
INSERT INTO CONTACT VALUES(12,'ronja','schroeder',NULL)
COMMIT
INSERT INTO CONTACT VALUES(13,'peter','schneider',NULL)
COMMIT
INSERT INTO CONTACT VALUES(14,'paula','mueller',NULL)
COMMIT
INSERT INTO CONTACT VALUES(15,'peter','schroeder',NULL)
COMMIT
INSERT INTO CONTACT VALUES(16,'tina','mueller',NULL)
COMMIT
INSERT INTO CONTACT VALUES(17,'ronja','hansen',NULL)
COMMIT
INSERT INTO CONTACT VALUES(18,'tina','schneider',NULL)
COMMIT
INSERT INTO CONTACT VALUES(19,'tina','mueller',NULL)
COMMIT
INSERT INTO CONTACT VALUES(20,'ronja','schroeder',NULL)
COMMIT
INSERT INTO CONTACT VALUES(21,'paula','schroeder',NULL)
COMMIT
INSERT INTO CONTACT VALUES(22,'horst','schmidt',NULL)
COMMIT
INSERT INTO CONTACT VALUES(23,'tina','hansen',NULL)
COMMIT
INSERT INTO CONTACT VALUES(24,'ronja','hansen',NULL)
COMMIT
INSERT INTO CONTACT VALUES(25,'ronja','schmidt',NULL)
COMMIT
INSERT INTO CONTACT VALUES(26,'ronja','schroeder',NULL)
COMMIT
INSERT INTO CONTACT VALUES(27,'paula','schneider',NULL)
COMMIT
INSERT INTO CONTACT VALUES(28,'tina','schroeder',NULL)
COMMIT
INSERT INTO CONTACT VALUES(29,'ronja','hansen',NULL)
COMMIT
INSERT INTO CONTACT VALUES(30,'peter','schneider',NULL)
COMMIT
INSERT INTO CONTACT VALUES(31,'ronja','mueller',NULL)
COMMIT
INSERT INTO CONTACT VALUES(32,'paula','schroeder',NULL)
COMMIT
INSERT INTO CONTACT VALUES(33,'ronja','schneider',NULL)
COMMIT
INSERT INTO CONTACT VALUES(34,'peter','schmidt',NULL)
COMMIT
INSERT INTO CONTACT VALUES(35,'ronja','hansen',NULL)
COMMIT
INSERT INTO CONTACT VALUES(36,'peter','schroeder',NULL)
COMMIT
INSERT INTO CONTACT VALUES(37,'tina','schroeder',NULL)
COMMIT
INSERT INTO CONTACT VALUES(38,'horst','schroeder',NULL)
COMMIT
INSERT INTO CONTACT VALUES(39,'tina','schmidt',NULL)
COMMIT
INSERT INTO CONTACT VALUES(40,'tina','schroeder',NULL)
COMMIT
INSERT INTO CONTACT VALUES(41,'ronja','schmidt',NULL)
COMMIT
INSERT INTO CONTACT VALUES(42,'paula','schmidt',NULL)
COMMIT
INSERT INTO CONTACT VALUES(43,'paula','schmidt',NULL)
COMMIT
INSERT INTO CONTACT VALUES(44,'tina','mueller',NULL)
COMMIT
INSERT INTO CONTACT VALUES(45,'tina','schmidt',NULL)
COMMIT
INSERT INTO CONTACT VALUES(46,'ronja','schneider',NULL)
COMMIT
INSERT INTO CONTACT VALUES(47,'ronja','hansen',NULL)
COMMIT
INSERT INTO CONTACT VALUES(48,'ronja','hansen',NULL)
COMMIT
INSERT INTO CONTACT VALUES(49,'tina','schroeder',NULL)
COMMIT
INSERT INTO CONTACT VALUES(50,'ronja','hansen',NULL)
COMMIT
INSERT INTO CONTACT VALUES(51,'paula','schroeder',NULL)
COMMIT
INSERT INTO CONTACT VALUES(52,'paula','schmidt',NULL)
COMMIT
INSERT INTO CONTACT VALUES(53,'horst','schroeder',NULL)
COMMIT
INSERT INTO CONTACT VALUES(54,'ronja','schmidt',NULL)
COMMIT
INSERT INTO CONTACT VALUES(55,'ronja','schneider',NULL)
COMMIT
INSERT INTO CONTACT VALUES(56,'peter','schmidt',NULL)
COMMIT
INSERT INTO CONTACT VALUES(57,'tina','schneider',NULL)
COMMIT
INSERT INTO CONTACT VALUES(58,'peter','schmidt',NULL)
COMMIT
INSERT INTO CONTACT VALUES(59,'horst','mueller',NULL)
COMMIT
INSERT INTO CONTACT VALUES(60,'ronja','schneider',NULL)
COMMIT
INSERT INTO CONTACT VALUES(61,'peter','hansen',NULL)
COMMIT
INSERT INTO CONTACT VALUES(62,'paula','schneider',NULL)
COMMIT
INSERT INTO CONTACT VALUES(63,'paula','schroeder',NULL)
COMMIT
INSERT INTO CONTACT VALUES(64,'tina','schmidt',NULL)
COMMIT
INSERT INTO CONTACT VALUES(65,'peter','schneider',NULL)
COMMIT
INSERT INTO CONTACT VALUES(66,'paula','hansen',NULL)
COMMIT
INSERT INTO CONTACT VALUES(67,'ronja','mueller',NULL)
COMMIT
INSERT INTO CONTACT VALUES(68,'paula','mueller',NULL)
COMMIT
INSERT INTO CONTACT VALUES(69,'peter','mueller',NULL)
COMMIT
INSERT INTO CONTACT VALUES(70,'horst','mueller',NULL)
COMMIT
INSERT INTO CONTACT VALUES(71,'paula','mueller',NULL)
COMMIT
INSERT INTO CONTACT VALUES(72,'horst','schneider',NULL)
COMMIT
INSERT INTO CONTACT VALUES(73,'horst','schmidt',NULL)
COMMIT
INSERT INTO CONTACT VALUES(74,'horst','hansen',NULL)
COMMIT
INSERT INTO CONTACT VALUES(75,'paula','hansen',NULL)
COMMIT
INSERT INTO CONTACT VALUES(76,'paula','schneider',NULL)
COMMIT
INSERT INTO CONTACT VALUES(77,'paula','schroeder',NULL)
COMMIT
INSERT INTO CONTACT VALUES(78,'peter','schroeder',NULL)
COMMIT
INSERT INTO CONTACT VALUES(79,'tina','schneider',NULL)
COMMIT
INSERT INTO CONTACT VALUES(80,'ronja','hansen',NULL)
COMMIT
INSERT INTO CONTACT VALUES(81,'ronja','schroeder',NULL)
COMMIT
INSERT INTO CONTACT VALUES(82,'paula','mueller',NULL)
COMMIT
INSERT INTO CONTACT VALUES(83,'paula','hansen',NULL)
COMMIT
INSERT INTO CONTACT VALUES(84,'tina','schroeder',NULL)
COMMIT
INSERT INTO CONTACT VALUES(85,'peter','mueller',NULL)
COMMIT
INSERT INTO CONTACT VALUES(86,'paula','mueller',NULL)
COMMIT
INSERT INTO CONTACT VALUES(87,'horst','schmidt',NULL)
COMMIT
INSERT INTO CONTACT VALUES(88,'horst','schneider',NULL)
COMMIT
INSERT INTO CONTACT VALUES(89,'ronja','hansen',NULL)
COMMIT
INSERT INTO CONTACT VALUES(90,'ronja','schneider',NULL)
COMMIT
INSERT INTO CONTACT VALUES(91,'tina','schneider',NULL)
COMMIT
INSERT INTO CONTACT VALUES(92,'tina','mueller',NULL)
COMMIT
INSERT INTO CONTACT VALUES(93,'paula','schmidt',NULL)
COMMIT
INSERT INTO CONTACT VALUES(94,'tina','schmidt',NULL)
COMMIT
INSERT INTO CONTACT VALUES(95,'ronja','schroeder',NULL)
COMMIT
INSERT INTO CONTACT VALUES(96,'ronja','mueller',NULL)
COMMIT
INSERT INTO CONTACT VALUES(97,'tina','mueller',NULL)
COMMIT
INSERT INTO CONTACT VALUES(98,'horst','schneider',NULL)
COMMIT
/*C26*/SET SCHEMA PUBLIC
INSERT INTO CONTACT VALUES(99,'pina','severin',NULL)
COMMIT
DISCONNECT
/*C27*/SET SCHEMA PUBLIC
DISCONNECT
/*C28*/SET SCHEMA PUBLIC
DISCONNECT
/*C25*/DISCONNECT
/*C29*/SET SCHEMA PUBLIC
DELETE FROM CONTACT WHERE ID=0
DELETE FROM CONTACT WHERE ID=1
DELETE FROM CONTACT WHERE ID=2
DELETE FROM CONTACT WHERE ID=3
DELETE FROM CONTACT WHERE ID=4
DELETE FROM CONTACT WHERE ID=5
DELETE FROM CONTACT WHERE ID=6
DELETE FROM CONTACT WHERE ID=7
DELETE FROM CONTACT WHERE ID=8
DELETE FROM CONTACT WHERE ID=9
DELETE FROM CONTACT WHERE ID=10
DELETE FROM CONTACT WHERE ID=11
DELETE FROM CONTACT WHERE ID=12
DELETE FROM CONTACT WHERE ID=13
DELETE FROM CONTACT WHERE ID=14
DELETE FROM CONTACT WHERE ID=15
DELETE FROM CONTACT WHERE ID=16
DELETE FROM CONTACT WHERE ID=17
DELETE FROM CONTACT WHERE ID=18
DELETE FROM CONTACT WHERE ID=19
DELETE FROM CONTACT WHERE ID=20
DELETE FROM CONTACT WHERE ID=21
DELETE FROM CONTACT WHERE ID=22
DELETE FROM CONTACT WHERE ID=23
DELETE FROM CONTACT WHERE ID=24
DELETE FROM CONTACT WHERE ID=25
DELETE FROM CONTACT WHERE ID=26
DELETE FROM CONTACT WHERE ID=27
DELETE FROM CONTACT WHERE ID=28
DELETE FROM CONTACT WHERE ID=29
DELETE FROM CONTACT WHERE ID=30
DELETE FROM CONTACT WHERE ID=31
DELETE FROM CONTACT WHERE ID=32
DELETE FROM CONTACT WHERE ID=33
DELETE FROM CONTACT WHERE ID=34
DELETE FROM CONTACT WHERE ID=35
DELETE FROM CONTACT WHERE ID=36
DELETE FROM CONTACT WHERE ID=37
DELETE FROM CONTACT WHERE ID=38
DELETE FROM CONTACT WHERE ID=39
DELETE FROM CONTACT WHERE ID=40
DELETE FROM CONTACT WHERE ID=41
DELETE FROM CONTACT WHERE ID=42
DELETE FROM CONTACT WHERE ID=43
DELETE FROM CONTACT WHERE ID=44
DELETE FROM CONTACT WHERE ID=45
DELETE FROM CONTACT WHERE ID=46
DELETE FROM CONTACT WHERE ID=47
DELETE FROM CONTACT WHERE ID=48
DELETE FROM CONTACT WHERE ID=49
DELETE FROM CONTACT WHERE ID=50
DELETE FROM CONTACT WHERE ID=51
DELETE FROM CONTACT WHERE ID=52
DELETE FROM CONTACT WHERE ID=53
DELETE FROM CONTACT WHERE ID=54
DELETE FROM CONTACT WHERE ID=55
DELETE FROM CONTACT WHERE ID=56
DELETE FROM CONTACT WHERE ID=57
DELETE FROM CONTACT WHERE ID=58
DELETE FROM CONTACT WHERE ID=59
DELETE FROM CONTACT WHERE ID=60
DELETE FROM CONTACT WHERE ID=61
DELETE FROM CONTACT WHERE ID=62
DELETE FROM CONTACT WHERE ID=63
DELETE FROM CONTACT WHERE ID=64
DELETE FROM CONTACT WHERE ID=65
DELETE FROM CONTACT WHERE ID=66
DELETE FROM CONTACT WHERE ID=67
DELETE FROM CONTACT WHERE ID=68
DELETE FROM CONTACT WHERE ID=69
DELETE FROM CONTACT WHERE ID=70
DELETE FROM CONTACT WHERE ID=71
DELETE FROM CONTACT WHERE ID=72
DELETE FROM CONTACT WHERE ID=73
DELETE FROM CONTACT WHERE ID=74
DELETE FROM CONTACT WHERE ID=75
DELETE FROM CONTACT WHERE ID=76
DELETE FROM CONTACT WHERE ID=77
DELETE FROM CONTACT WHERE ID=78
DELETE FROM CONTACT WHERE ID=79
DELETE FROM CONTACT WHERE ID=80
DELETE FROM CONTACT WHERE ID=81
DELETE FROM CONTACT WHERE ID=82
DELETE FROM CONTACT WHERE ID=83
DELETE FROM CONTACT WHERE ID=84
DELETE FROM CONTACT WHERE ID=85
DELETE FROM CONTACT WHERE ID=86
DELETE FROM CONTACT WHERE ID=87
DELETE FROM CONTACT WHERE ID=88
DELETE FROM CONTACT WHERE ID=89
DELETE FROM CONTACT WHERE ID=90
DELETE FROM CONTACT WHERE ID=91
DELETE FROM CONTACT WHERE ID=92
DELETE FROM CONTACT WHERE ID=93
DELETE FROM CONTACT WHERE ID=94
DELETE FROM CONTACT WHERE ID=95
DELETE FROM CONTACT WHERE ID=96
DELETE FROM CONTACT WHERE ID=97
DELETE FROM CONTACT WHERE ID=98
DELETE FROM CONTACT WHERE ID=99
COMMIT
INSERT INTO CONTACT VALUES(0,'paula','hansen',NULL)
COMMIT
INSERT INTO CONTACT VALUES(1,'tina','schmidt',NULL)
COMMIT
INSERT INTO CONTACT VALUES(2,'horst','schroeder',NULL)
COMMIT
INSERT INTO CONTACT VALUES(3,'paula','schneider',NULL)
COMMIT
INSERT INTO CONTACT VALUES(4,'paula','schroeder',NULL)
COMMIT
INSERT INTO CONTACT VALUES(5,'peter','schroeder',NULL)
COMMIT
INSERT INTO CONTACT VALUES(6,'ronja','schneider',NULL)
COMMIT
INSERT INTO CONTACT VALUES(7,'ronja','hansen',NULL)
COMMIT
INSERT INTO CONTACT VALUES(8,'paula','schroeder',NULL)
COMMIT
INSERT INTO CONTACT VALUES(9,'paula','hansen',NULL)
COMMIT
INSERT INTO CONTACT VALUES(10,'paula','schneider',NULL)
COMMIT
INSERT INTO CONTACT VALUES(11,'peter','schmidt',NULL)
COMMIT
INSERT INTO CONTACT VALUES(12,'ronja','schroeder',NULL)
COMMIT
INSERT INTO CONTACT VALUES(13,'horst','schneider',NULL)
COMMIT
INSERT INTO CONTACT VALUES(14,'ronja','mueller',NULL)
COMMIT
INSERT INTO CONTACT VALUES(15,'paula','mueller',NULL)
COMMIT
INSERT INTO CONTACT VALUES(16,'tina','hansen',NULL)
COMMIT
INSERT INTO CONTACT VALUES(17,'ronja','mueller',NULL)
COMMIT
INSERT INTO CONTACT VALUES(18,'peter','hansen',NULL)
COMMIT
INSERT INTO CONTACT VALUES(19,'peter','schmidt',NULL)
COMMIT
INSERT INTO CONTACT VALUES(20,'paula','hansen',NULL)
COMMIT
INSERT INTO CONTACT VALUES(21,'paula','schroeder',NULL)
COMMIT
INSERT INTO CONTACT VALUES(22,'tina','hansen',NULL)
COMMIT
INSERT INTO CONTACT VALUES(23,'tina','schroeder',NULL)
COMMIT
INSERT INTO CONTACT VALUES(24,'ronja','schroeder',NULL)
COMMIT
INSERT INTO CONTACT VALUES(25,'paula','schroeder',NULL)
COMMIT
INSERT INTO CONTACT VALUES(26,'ronja','schmidt',NULL)
COMMIT
INSERT INTO CONTACT VALUES(27,'paula','schmidt',NULL)
COMMIT
INSERT INTO CONTACT VALUES(28,'paula','schroeder',NULL)
COMMIT
INSERT INTO CONTACT VALUES(29,'tina','hansen',NULL)
COMMIT
INSERT INTO CONTACT VALUES(30,'ronja','schroeder',NULL)
COMMIT
INSERT INTO CONTACT VALUES(31,'peter','mueller',NULL)
COMMIT
INSERT INTO CONTACT VALUES(32,'peter','mueller',NULL)
COMMIT
INSERT INTO CONTACT VALUES(33,'horst','schroeder',NULL)
COMMIT
INSERT INTO CONTACT VALUES(34,'peter','mueller',NULL)
COMMIT
INSERT INTO CONTACT VALUES(35,'ronja','schmidt',NULL)
COMMIT
INSERT INTO CONTACT VALUES(36,'tina','mueller',NULL)
COMMIT
INSERT INTO CONTACT VALUES(37,'ronja','schmidt',NULL)
COMMIT
INSERT INTO CONTACT VALUES(38,'paula','schroeder',NULL)
COMMIT
INSERT INTO CONTACT VALUES(39,'ronja','hansen',NULL)
COMMIT
INSERT INTO CONTACT VALUES(40,'paula','mueller',NULL)
COMMIT
INSERT INTO CONTACT VALUES(41,'paula','schneider',NULL)
COMMIT
INSERT INTO CONTACT VALUES(42,'peter','hansen',NULL)
COMMIT
INSERT INTO CONTACT VALUES(43,'ronja','schmidt',NULL)
COMMIT
INSERT INTO CONTACT VALUES(44,'paula','schneider',NULL)
COMMIT
INSERT INTO CONTACT VALUES(45,'horst','schmidt',NULL)
COMMIT
INSERT INTO CONTACT VALUES(46,'tina','schroeder',NULL)
COMMIT
INSERT INTO CONTACT VALUES(47,'horst','hansen',NULL)
COMMIT
INSERT INTO CONTACT VALUES(48,'paula','schmidt',NULL)
COMMIT
INSERT INTO CONTACT VALUES(49,'peter','schmidt',NULL)
COMMIT
INSERT INTO CONTACT VALUES(50,'tina','schmidt',NULL)
COMMIT
INSERT INTO CONTACT VALUES(51,'tina','schneider',NULL)
COMMIT
INSERT INTO CONTACT VALUES(52,'ronja','schmidt',NULL)
COMMIT
INSERT INTO CONTACT VALUES(53,'horst','hansen',NULL)
COMMIT
INSERT INTO CONTACT VALUES(54,'tina','schmidt',NULL)
COMMIT
INSERT INTO CONTACT VALUES(55,'horst','schmidt',NULL)
COMMIT
INSERT INTO CONTACT VALUES(56,'tina','hansen',NULL)
COMMIT
INSERT INTO CONTACT VALUES(57,'peter','schroeder',NULL)
COMMIT
INSERT INTO CONTACT VALUES(58,'paula','schmidt',NULL)
COMMIT
INSERT INTO CONTACT VALUES(59,'paula','schmidt',NULL)
COMMIT
INSERT INTO CONTACT VALUES(60,'paula','schneider',NULL)
COMMIT
INSERT INTO CONTACT VALUES(61,'ronja','schneider',NULL)
COMMIT
INSERT INTO CONTACT VALUES(62,'horst','mueller',NULL)
COMMIT
INSERT INTO CONTACT VALUES(63,'horst','schmidt',NULL)
COMMIT
INSERT INTO CONTACT VALUES(64,'horst','schroeder',NULL)
COMMIT
INSERT INTO CONTACT VALUES(65,'ronja','schneider',NULL)
COMMIT
INSERT INTO CONTACT VALUES(66,'peter','schmidt',NULL)
COMMIT
INSERT INTO CONTACT VALUES(67,'horst','schroeder',NULL)
COMMIT
INSERT INTO CONTACT VALUES(68,'paula','schmidt',NULL)
COMMIT
INSERT INTO CONTACT VALUES(69,'peter','schmidt',NULL)
COMMIT
INSERT INTO CONTACT VALUES(70,'horst','schneider',NULL)
COMMIT
INSERT INTO CONTACT VALUES(71,'ronja','schmidt',NULL)
COMMIT
INSERT INTO CONTACT VALUES(72,'horst','mueller',NULL)
COMMIT
INSERT INTO CONTACT VALUES(73,'tina','schroeder',NULL)
COMMIT
INSERT INTO CONTACT VALUES(74,'ronja','schneider',NULL)
COMMIT
INSERT INTO CONTACT VALUES(75,'horst','schmidt',NULL)
COMMIT
INSERT INTO CONTACT VALUES(76,'ronja','hansen',NULL)
COMMIT
INSERT INTO CONTACT VALUES(77,'horst','hansen',NULL)
COMMIT
INSERT INTO CONTACT VALUES(78,'tina','schroeder',NULL)
COMMIT
INSERT INTO CONTACT VALUES(79,'horst','schneider',NULL)
COMMIT
INSERT INTO CONTACT VALUES(80,'horst','schmidt',NULL)
COMMIT
INSERT INTO CONTACT VALUES(81,'horst','schmidt',NULL)
COMMIT
INSERT INTO CONTACT VALUES(82,'horst','mueller',NULL)
COMMIT
INSERT INTO CONTACT VALUES(83,'horst','schneider',NULL)
COMMIT
INSERT INTO CONTACT VALUES(84,'ronja','schneider',NULL)
COMMIT
INSERT INTO CONTACT VALUES(85,'peter','schneider',NULL)
COMMIT
INSERT INTO CONTACT VALUES(86,'ronja','mueller',NULL)
COMMIT
INSERT INTO CONTACT VALUES(87,'peter','schmidt',NULL)
COMMIT
INSERT INTO CONTACT VALUES(88,'paula','schneider',NULL)
COMMIT
INSERT INTO CONTACT VALUES(89,'peter','schneider',NULL)
COMMIT
INSERT INTO CONTACT VALUES(90,'ronja','schroeder',NULL)
COMMIT
INSERT INTO CONTACT VALUES(91,'ronja','schmidt',NULL)
COMMIT
INSERT INTO CONTACT VALUES(92,'paula','schmidt',NULL)
COMMIT
INSERT INTO CONTACT VALUES(93,'paula','schneider',NULL)
COMMIT
INSERT INTO CONTACT VALUES(94,'horst','schmidt',NULL)
COMMIT
INSERT INTO CONTACT VALUES(95,'peter','schneider',NULL)
COMMIT
INSERT INTO CONTACT VALUES(96,'horst','schneider',NULL)
COMMIT
INSERT INTO CONTACT VALUES(97,'peter','schneider',NULL)
COMMIT
INSERT INTO CONTACT VALUES(98,'horst','schmidt',NULL)
COMMIT
INSERT INTO CONTACT VALUES(99,'horst','hansen',NULL)
COMMIT
/*C30*/SET SCHEMA PUBLIC
DISCONNECT
/*C29*/DISCONNECT
/*C31*/SET SCHEMA PUBLIC
DELETE FROM CONTACT WHERE ID=0
DELETE FROM CONTACT WHERE ID=1
DELETE FROM CONTACT WHERE ID=2
DELETE FROM CONTACT WHERE ID=3
DELETE FROM CONTACT WHERE ID=4
DELETE FROM CONTACT WHERE ID=5
DELETE FROM CONTACT WHERE ID=6
DELETE FROM CONTACT WHERE ID=7
DELETE FROM CONTACT WHERE ID=8
DELETE FROM CONTACT WHERE ID=9
DELETE FROM CONTACT WHERE ID=10
DELETE FROM CONTACT WHERE ID=11
DELETE FROM CONTACT WHERE ID=12
DELETE FROM CONTACT WHERE ID=13
DELETE FROM CONTACT WHERE ID=14
DELETE FROM CONTACT WHERE ID=15
DELETE FROM CONTACT WHERE ID=16
DELETE FROM CONTACT WHERE ID=17
DELETE FROM CONTACT WHERE ID=18
DELETE FROM CONTACT WHERE ID=19
DELETE FROM CONTACT WHERE ID=20
DELETE FROM CONTACT WHERE ID=21
DELETE FROM CONTACT WHERE ID=22
DELETE FROM CONTACT WHERE ID=23
DELETE FROM CONTACT WHERE ID=24
DELETE FROM CONTACT WHERE ID=25
DELETE FROM CONTACT WHERE ID=26
DELETE FROM CONTACT WHERE ID=27
DELETE FROM CONTACT WHERE ID=28
DELETE FROM CONTACT WHERE ID=29
DELETE FROM CONTACT WHERE ID=30
DELETE FROM CONTACT WHERE ID=31
DELETE FROM CONTACT WHERE ID=32
DELETE FROM CONTACT WHERE ID=33
DELETE FROM CONTACT WHERE ID=34
DELETE FROM CONTACT WHERE ID=35
DELETE FROM CONTACT WHERE ID=36
DELETE FROM CONTACT WHERE ID=37
DELETE FROM CONTACT WHERE ID=38
DELETE FROM CONTACT WHERE ID=39
DELETE FROM CONTACT WHERE ID=40
DELETE FROM CONTACT WHERE ID=41
DELETE FROM CONTACT WHERE ID=42
DELETE FROM CONTACT WHERE ID=43
DELETE FROM CONTACT WHERE ID=44
DELETE FROM CONTACT WHERE ID=45
DELETE FROM CONTACT WHERE ID=46
DELETE FROM CONTACT WHERE ID=47
DELETE FROM CONTACT WHERE ID=48
DELETE FROM CONTACT WHERE ID=49
DELETE FROM CONTACT WHERE ID=50
DELETE FROM CONTACT WHERE ID=51
DELETE FROM CONTACT WHERE ID=52
DELETE FROM CONTACT WHERE ID=53
DELETE FROM CONTACT WHERE ID=54
DELETE FROM CONTACT WHERE ID=55
DELETE FROM CONTACT WHERE ID=56
DELETE FROM CONTACT WHERE ID=57
DELETE FROM CONTACT WHERE ID=58
DELETE FROM CONTACT WHERE ID=59
DELETE FROM CONTACT WHERE ID=60
DELETE FROM CONTACT WHERE ID=61
DELETE FROM CONTACT WHERE ID=62
DELETE FROM CONTACT WHERE ID=63
DELETE FROM CONTACT WHERE ID=64
DELETE FROM CONTACT WHERE ID=65
DELETE FROM CONTACT WHERE ID=66
DELETE FROM CONTACT WHERE ID=67
DELETE FROM CONTACT WHERE ID=68
DELETE FROM CONTACT WHERE ID=69
DELETE FROM CONTACT WHERE ID=70
DELETE FROM CONTACT WHERE ID=71
DELETE FROM CONTACT WHERE ID=72
DELETE FROM CONTACT WHERE ID=73
DELETE FROM CONTACT WHERE ID=74
DELETE FROM CONTACT WHERE ID=75
DELETE FROM CONTACT WHERE ID=76
DELETE FROM CONTACT WHERE ID=77
DELETE FROM CONTACT WHERE ID=78
DELETE FROM CONTACT WHERE ID=79
DELETE FROM CONTACT WHERE ID=80
DELETE FROM CONTACT WHERE ID=81
DELETE FROM CONTACT WHERE ID=82
DELETE FROM CONTACT WHERE ID=83
DELETE FROM CONTACT WHERE ID=84
DELETE FROM CONTACT WHERE ID=85
DELETE FROM CONTACT WHERE ID=86
DELETE FROM CONTACT WHERE ID=87
DELETE FROM CONTACT WHERE ID=88
DELETE FROM CONTACT WHERE ID=89
DELETE FROM CONTACT WHERE ID=90
DELETE FROM CONTACT WHERE ID=91
DELETE FROM CONTACT WHERE ID=92
DELETE FROM CONTACT WHERE ID=93
DELETE FROM CONTACT WHERE ID=94
DELETE FROM CONTACT WHERE ID=95
DELETE FROM CONTACT WHERE ID=96
DELETE FROM CONTACT WHERE ID=97
DELETE FROM CONTACT WHERE ID=98
DELETE FROM CONTACT WHERE ID=99
COMMIT
INSERT INTO CONTACT VALUES(100,'Carsten','Severin',NULL)
COMMIT
INSERT INTO CONTACT VALUES(101,'Birgit','Raschdorf',NULL)
COMMIT
DISCONNECT
